==49424== Memcheck, a memory error detector
==49424== Copyright (C) 2002-2017, and GNU GPL'd, by Julian Seward et al.
==49424== Using Valgrind-3.15.0-608cb11914-20190413 and LibVEX; rerun with -h for copyright info
==49424== Command: ./c7 tests/parser/valid_1.c7
==49424== Parent PID: 49423
==49424== 
--49424-- 
--49424-- Valgrind options:
--49424--    -v
--49424--    --tool=memcheck
--49424--    --leak-check=full
--49424--    --show-leak-kinds=all
--49424--    --track-origins=yes
--49424--    --log-file=logfile.out
--49424-- Contents of /proc/version:
--49424--   Linux version 5.8.0-45-generic (buildd@lcy01-amd64-024) (gcc (Ubuntu 9.3.0-17ubuntu1~20.04) 9.3.0, GNU ld (GNU Binutils for Ubuntu) 2.34) #51~20.04.1-Ubuntu SMP Tue Feb 23 13:46:31 UTC 2021
--49424-- 
--49424-- Arch and hwcaps: AMD64, LittleEndian, amd64-cx16-lzcnt-rdtscp-sse3-ssse3-avx-avx2-bmi-f16c-rdrand
--49424-- Page sizes: currently 4096, max supported 4096
--49424-- Valgrind library directory: /usr/lib/x86_64-linux-gnu/valgrind
--49424-- Reading syms from /home/dayoff/codes/compilers/c7/src/c7
--49424-- Reading syms from /usr/lib/x86_64-linux-gnu/ld-2.31.so
--49424--   Considering /usr/lib/x86_64-linux-gnu/ld-2.31.so ..
--49424--   .. CRC mismatch (computed 975d0390 wanted 30bd717f)
--49424--   Considering /lib/x86_64-linux-gnu/ld-2.31.so ..
--49424--   .. CRC mismatch (computed 975d0390 wanted 30bd717f)
--49424--   Considering /usr/lib/debug/lib/x86_64-linux-gnu/ld-2.31.so ..
--49424--   .. CRC is valid
--49424-- Reading syms from /usr/lib/x86_64-linux-gnu/valgrind/memcheck-amd64-linux
--49424--    object doesn't have a symbol table
--49424--    object doesn't have a dynamic symbol table
--49424-- Scheduler: using generic scheduler lock implementation.
--49424-- Reading suppressions file: /usr/lib/x86_64-linux-gnu/valgrind/default.supp
==49424== embedded gdbserver: reading from /tmp/vgdb-pipe-from-vgdb-to-49424-by-dayoff-on-???
==49424== embedded gdbserver: writing to   /tmp/vgdb-pipe-to-vgdb-from-49424-by-dayoff-on-???
==49424== embedded gdbserver: shared mem   /tmp/vgdb-pipe-shared-mem-vgdb-49424-by-dayoff-on-???
==49424== 
==49424== TO CONTROL THIS PROCESS USING vgdb (which you probably
==49424== don't want to do, unless you know exactly what you're doing,
==49424== or are doing some strange experiment):
==49424==   /usr/lib/x86_64-linux-gnu/valgrind/../../bin/vgdb --pid=49424 ...command...
==49424== 
==49424== TO DEBUG THIS PROCESS USING GDB: start GDB like this
==49424==   /path/to/gdb ./c7
==49424== and then give GDB the following command
==49424==   target remote | /usr/lib/x86_64-linux-gnu/valgrind/../../bin/vgdb --pid=49424
==49424== --pid is optional if only one valgrind process is running
==49424== 
--49424-- REDIR: 0x4022e10 (ld-linux-x86-64.so.2:strlen) redirected to 0x580c9ce2 (???)
--49424-- REDIR: 0x4022be0 (ld-linux-x86-64.so.2:index) redirected to 0x580c9cfc (???)
--49424-- Reading syms from /usr/lib/x86_64-linux-gnu/valgrind/vgpreload_core-amd64-linux.so
--49424--    object doesn't have a symbol table
--49424-- Reading syms from /usr/lib/x86_64-linux-gnu/valgrind/vgpreload_memcheck-amd64-linux.so
--49424--    object doesn't have a symbol table
==49424== WARNING: new redirection conflicts with existing -- ignoring it
--49424--     old: 0x04022e10 (strlen              ) R-> (0000.0) 0x580c9ce2 ???
--49424--     new: 0x04022e10 (strlen              ) R-> (2007.0) 0x0483f060 strlen
--49424-- REDIR: 0x401f5f0 (ld-linux-x86-64.so.2:strcmp) redirected to 0x483ffd0 (strcmp)
--49424-- REDIR: 0x4023370 (ld-linux-x86-64.so.2:mempcpy) redirected to 0x4843a20 (mempcpy)
--49424-- Reading syms from /usr/lib/x86_64-linux-gnu/libfl.so.2.0.0
--49424--    object doesn't have a symbol table
--49424-- Reading syms from /usr/lib/x86_64-linux-gnu/libc-2.31.so
--49424--   Considering /usr/lib/x86_64-linux-gnu/libc-2.31.so ..
--49424--   .. CRC mismatch (computed 86b78530 wanted e380f01c)
--49424--   Considering /lib/x86_64-linux-gnu/libc-2.31.so ..
--49424--   .. CRC mismatch (computed 86b78530 wanted e380f01c)
--49424--   Considering /usr/lib/debug/lib/x86_64-linux-gnu/libc-2.31.so ..
--49424--   .. CRC is valid
--49424-- REDIR: 0x4943600 (libc.so.6:memmove) redirected to 0x48311d0 (_vgnU_ifunc_wrapper)
--49424-- REDIR: 0x4942900 (libc.so.6:strncpy) redirected to 0x48311d0 (_vgnU_ifunc_wrapper)
--49424-- REDIR: 0x4943930 (libc.so.6:strcasecmp) redirected to 0x48311d0 (_vgnU_ifunc_wrapper)
--49424-- REDIR: 0x4942220 (libc.so.6:strcat) redirected to 0x48311d0 (_vgnU_ifunc_wrapper)
--49424-- REDIR: 0x4942960 (libc.so.6:rindex) redirected to 0x48311d0 (_vgnU_ifunc_wrapper)
--49424-- REDIR: 0x4944dd0 (libc.so.6:rawmemchr) redirected to 0x48311d0 (_vgnU_ifunc_wrapper)
--49424-- REDIR: 0x495fe60 (libc.so.6:wmemchr) redirected to 0x48311d0 (_vgnU_ifunc_wrapper)
--49424-- REDIR: 0x495f9a0 (libc.so.6:wcscmp) redirected to 0x48311d0 (_vgnU_ifunc_wrapper)
--49424-- REDIR: 0x4943760 (libc.so.6:mempcpy) redirected to 0x48311d0 (_vgnU_ifunc_wrapper)
--49424-- REDIR: 0x4943590 (libc.so.6:bcmp) redirected to 0x48311d0 (_vgnU_ifunc_wrapper)
--49424-- REDIR: 0x4942890 (libc.so.6:strncmp) redirected to 0x48311d0 (_vgnU_ifunc_wrapper)
--49424-- REDIR: 0x49422d0 (libc.so.6:strcmp) redirected to 0x48311d0 (_vgnU_ifunc_wrapper)
--49424-- REDIR: 0x49436c0 (libc.so.6:memset) redirected to 0x48311d0 (_vgnU_ifunc_wrapper)
--49424-- REDIR: 0x495f960 (libc.so.6:wcschr) redirected to 0x48311d0 (_vgnU_ifunc_wrapper)
--49424-- REDIR: 0x49427f0 (libc.so.6:strnlen) redirected to 0x48311d0 (_vgnU_ifunc_wrapper)
--49424-- REDIR: 0x49423b0 (libc.so.6:strcspn) redirected to 0x48311d0 (_vgnU_ifunc_wrapper)
--49424-- REDIR: 0x4943980 (libc.so.6:strncasecmp) redirected to 0x48311d0 (_vgnU_ifunc_wrapper)
--49424-- REDIR: 0x4942350 (libc.so.6:strcpy) redirected to 0x48311d0 (_vgnU_ifunc_wrapper)
--49424-- REDIR: 0x4943ad0 (libc.so.6:memcpy@@GLIBC_2.14) redirected to 0x48311d0 (_vgnU_ifunc_wrapper)
--49424-- REDIR: 0x49610d0 (libc.so.6:wcsnlen) redirected to 0x48311d0 (_vgnU_ifunc_wrapper)
--49424-- REDIR: 0x495f9e0 (libc.so.6:wcscpy) redirected to 0x48311d0 (_vgnU_ifunc_wrapper)
--49424-- REDIR: 0x49429a0 (libc.so.6:strpbrk) redirected to 0x48311d0 (_vgnU_ifunc_wrapper)
--49424-- REDIR: 0x4942280 (libc.so.6:index) redirected to 0x48311d0 (_vgnU_ifunc_wrapper)
--49424-- REDIR: 0x49427b0 (libc.so.6:strlen) redirected to 0x48311d0 (_vgnU_ifunc_wrapper)
--49424-- REDIR: 0x494bd20 (libc.so.6:memrchr) redirected to 0x48311d0 (_vgnU_ifunc_wrapper)
--49424-- REDIR: 0x49439d0 (libc.so.6:strcasecmp_l) redirected to 0x48311d0 (_vgnU_ifunc_wrapper)
--49424-- REDIR: 0x4943550 (libc.so.6:memchr) redirected to 0x48311d0 (_vgnU_ifunc_wrapper)
--49424-- REDIR: 0x495fab0 (libc.so.6:wcslen) redirected to 0x48311d0 (_vgnU_ifunc_wrapper)
--49424-- REDIR: 0x4942c60 (libc.so.6:strspn) redirected to 0x48311d0 (_vgnU_ifunc_wrapper)
--49424-- REDIR: 0x49438d0 (libc.so.6:stpncpy) redirected to 0x48311d0 (_vgnU_ifunc_wrapper)
--49424-- REDIR: 0x4943870 (libc.so.6:stpcpy) redirected to 0x48311d0 (_vgnU_ifunc_wrapper)
--49424-- REDIR: 0x4944e10 (libc.so.6:strchrnul) redirected to 0x48311d0 (_vgnU_ifunc_wrapper)
--49424-- REDIR: 0x4943a20 (libc.so.6:strncasecmp_l) redirected to 0x48311d0 (_vgnU_ifunc_wrapper)
--49424-- REDIR: 0x4a2b490 (libc.so.6:__strrchr_avx2) redirected to 0x483ea10 (rindex)
--49424-- REDIR: 0x4a2b660 (libc.so.6:__strlen_avx2) redirected to 0x483ef40 (strlen)
--49424-- REDIR: 0x493d260 (libc.so.6:malloc) redirected to 0x483b780 (malloc)
--49424-- REDIR: 0x4a2e650 (libc.so.6:__mempcpy_avx_unaligned_erms) redirected to 0x4843660 (mempcpy)
--49424-- REDIR: 0x4943120 (libc.so.6:__GI_strstr) redirected to 0x4843ca0 (__strstr_sse2)
--49424-- REDIR: 0x4a2b2a0 (libc.so.6:__strchrnul_avx2) redirected to 0x4843540 (strchrnul)
--49424-- REDIR: 0x4a2eaf0 (libc.so.6:__memset_avx2_unaligned_erms) redirected to 0x48428e0 (memset)
--49424-- REDIR: 0x4a2cba0 (libc.so.6:__strcpy_avx2) redirected to 0x483f090 (strcpy)
--49424-- REDIR: 0x4a2e670 (libc.so.6:__memcpy_avx_unaligned_erms) redirected to 0x48429f0 (memmove)
--49424-- REDIR: 0x493d850 (libc.so.6:free) redirected to 0x483c9d0 (free)
--49424-- REDIR: 0x4a27c50 (libc.so.6:__memcmp_avx2_movbe) redirected to 0x48421e0 (bcmp)
==49424== 
==49424== HEAP SUMMARY:
==49424==     in use at exit: 0 bytes in 0 blocks
==49424==   total heap usage: 348 allocs, 348 frees, 39,668 bytes allocated
==49424== 
==49424== All heap blocks were freed -- no leaks are possible
==49424== 
==49424== ERROR SUMMARY: 0 errors from 0 contexts (suppressed: 0 from 0)
