==149266== Memcheck, a memory error detector
==149266== Copyright (C) 2002-2017, and GNU GPL'd, by Julian Seward et al.
==149266== Using Valgrind-3.15.0-608cb11914-20190413 and LibVEX; rerun with -h for copyright info
==149266== Command: ./cppython
==149266== Parent PID: 149265
==149266== 
--149266-- 
--149266-- Valgrind options:
--149266--    -v
--149266--    --tool=memcheck
--149266--    --leak-check=full
--149266--    --show-leak-kinds=all
--149266--    --track-origins=yes
--149266--    --log-file=logfile.out
--149266-- Contents of /proc/version:
--149266--   Linux version 5.4.0-52-generic (buildd@lgw01-amd64-060) (gcc version 9.3.0 (Ubuntu 9.3.0-17ubuntu1~20.04)) #57-Ubuntu SMP Thu Oct 15 10:57:00 UTC 2020
--149266-- 
--149266-- Arch and hwcaps: AMD64, LittleEndian, amd64-cx16-lzcnt-rdtscp-sse3-ssse3-avx-avx2-bmi-f16c-rdrand
--149266-- Page sizes: currently 4096, max supported 4096
--149266-- Valgrind library directory: /usr/lib/x86_64-linux-gnu/valgrind
--149266-- Reading syms from /home/dayoff/codes/cppython/src/cppython
--149266-- Reading syms from /usr/lib/x86_64-linux-gnu/ld-2.31.so
--149266--   Considering /usr/lib/x86_64-linux-gnu/ld-2.31.so ..
--149266--   .. CRC mismatch (computed 6cded93a wanted 1af57820)
--149266--   Considering /lib/x86_64-linux-gnu/ld-2.31.so ..
--149266--   .. CRC mismatch (computed 6cded93a wanted 1af57820)
--149266--   Considering /usr/lib/debug/lib/x86_64-linux-gnu/ld-2.31.so ..
--149266--   .. CRC is valid
--149266-- Reading syms from /usr/lib/x86_64-linux-gnu/valgrind/memcheck-amd64-linux
--149266--    object doesn't have a symbol table
--149266--    object doesn't have a dynamic symbol table
--149266-- Scheduler: using generic scheduler lock implementation.
--149266-- Reading suppressions file: /usr/lib/x86_64-linux-gnu/valgrind/default.supp
==149266== embedded gdbserver: reading from /tmp/vgdb-pipe-from-vgdb-to-149266-by-dayoff-on-???
==149266== embedded gdbserver: writing to   /tmp/vgdb-pipe-to-vgdb-from-149266-by-dayoff-on-???
==149266== embedded gdbserver: shared mem   /tmp/vgdb-pipe-shared-mem-vgdb-149266-by-dayoff-on-???
==149266== 
==149266== TO CONTROL THIS PROCESS USING vgdb (which you probably
==149266== don't want to do, unless you know exactly what you're doing,
==149266== or are doing some strange experiment):
==149266==   /usr/lib/x86_64-linux-gnu/valgrind/../../bin/vgdb --pid=149266 ...command...
==149266== 
==149266== TO DEBUG THIS PROCESS USING GDB: start GDB like this
==149266==   /path/to/gdb ./cppython
==149266== and then give GDB the following command
==149266==   target remote | /usr/lib/x86_64-linux-gnu/valgrind/../../bin/vgdb --pid=149266
==149266== --pid is optional if only one valgrind process is running
==149266== 
--149266-- REDIR: 0x4022d80 (ld-linux-x86-64.so.2:strlen) redirected to 0x580c9ce2 (???)
--149266-- REDIR: 0x4022b50 (ld-linux-x86-64.so.2:index) redirected to 0x580c9cfc (???)
--149266-- Reading syms from /usr/lib/x86_64-linux-gnu/valgrind/vgpreload_core-amd64-linux.so
--149266--    object doesn't have a symbol table
--149266-- Reading syms from /usr/lib/x86_64-linux-gnu/valgrind/vgpreload_memcheck-amd64-linux.so
--149266--    object doesn't have a symbol table
==149266== WARNING: new redirection conflicts with existing -- ignoring it
--149266--     old: 0x04022d80 (strlen              ) R-> (0000.0) 0x580c9ce2 ???
--149266--     new: 0x04022d80 (strlen              ) R-> (2007.0) 0x0483f060 strlen
--149266-- REDIR: 0x401f560 (ld-linux-x86-64.so.2:strcmp) redirected to 0x483ffd0 (strcmp)
--149266-- REDIR: 0x40232e0 (ld-linux-x86-64.so.2:mempcpy) redirected to 0x4843a20 (mempcpy)
--149266-- Reading syms from /usr/lib/x86_64-linux-gnu/libfl.so.2.0.0
--149266--    object doesn't have a symbol table
--149266-- Reading syms from /usr/lib/x86_64-linux-gnu/libc-2.31.so
--149266--   Considering /usr/lib/x86_64-linux-gnu/libc-2.31.so ..
--149266--   .. CRC mismatch (computed cd1655d1 wanted 09373696)
--149266--   Considering /lib/x86_64-linux-gnu/libc-2.31.so ..
--149266--   .. CRC mismatch (computed cd1655d1 wanted 09373696)
--149266--   Considering /usr/lib/debug/lib/x86_64-linux-gnu/libc-2.31.so ..
--149266--   .. CRC is valid
--149266-- REDIR: 0x4942600 (libc.so.6:memmove) redirected to 0x48311d0 (_vgnU_ifunc_wrapper)
--149266-- REDIR: 0x4941900 (libc.so.6:strncpy) redirected to 0x48311d0 (_vgnU_ifunc_wrapper)
--149266-- REDIR: 0x4942930 (libc.so.6:strcasecmp) redirected to 0x48311d0 (_vgnU_ifunc_wrapper)
--149266-- REDIR: 0x4941220 (libc.so.6:strcat) redirected to 0x48311d0 (_vgnU_ifunc_wrapper)
--149266-- REDIR: 0x4941960 (libc.so.6:rindex) redirected to 0x48311d0 (_vgnU_ifunc_wrapper)
--149266-- REDIR: 0x4943dd0 (libc.so.6:rawmemchr) redirected to 0x48311d0 (_vgnU_ifunc_wrapper)
--149266-- REDIR: 0x495ee60 (libc.so.6:wmemchr) redirected to 0x48311d0 (_vgnU_ifunc_wrapper)
--149266-- REDIR: 0x495e9a0 (libc.so.6:wcscmp) redirected to 0x48311d0 (_vgnU_ifunc_wrapper)
--149266-- REDIR: 0x4942760 (libc.so.6:mempcpy) redirected to 0x48311d0 (_vgnU_ifunc_wrapper)
--149266-- REDIR: 0x4942590 (libc.so.6:bcmp) redirected to 0x48311d0 (_vgnU_ifunc_wrapper)
--149266-- REDIR: 0x4941890 (libc.so.6:strncmp) redirected to 0x48311d0 (_vgnU_ifunc_wrapper)
--149266-- REDIR: 0x49412d0 (libc.so.6:strcmp) redirected to 0x48311d0 (_vgnU_ifunc_wrapper)
--149266-- REDIR: 0x49426c0 (libc.so.6:memset) redirected to 0x48311d0 (_vgnU_ifunc_wrapper)
--149266-- REDIR: 0x495e960 (libc.so.6:wcschr) redirected to 0x48311d0 (_vgnU_ifunc_wrapper)
--149266-- REDIR: 0x49417f0 (libc.so.6:strnlen) redirected to 0x48311d0 (_vgnU_ifunc_wrapper)
--149266-- REDIR: 0x49413b0 (libc.so.6:strcspn) redirected to 0x48311d0 (_vgnU_ifunc_wrapper)
--149266-- REDIR: 0x4942980 (libc.so.6:strncasecmp) redirected to 0x48311d0 (_vgnU_ifunc_wrapper)
--149266-- REDIR: 0x4941350 (libc.so.6:strcpy) redirected to 0x48311d0 (_vgnU_ifunc_wrapper)
--149266-- REDIR: 0x4942ad0 (libc.so.6:memcpy@@GLIBC_2.14) redirected to 0x48311d0 (_vgnU_ifunc_wrapper)
--149266-- REDIR: 0x49600d0 (libc.so.6:wcsnlen) redirected to 0x48311d0 (_vgnU_ifunc_wrapper)
--149266-- REDIR: 0x495e9e0 (libc.so.6:wcscpy) redirected to 0x48311d0 (_vgnU_ifunc_wrapper)
--149266-- REDIR: 0x49419a0 (libc.so.6:strpbrk) redirected to 0x48311d0 (_vgnU_ifunc_wrapper)
--149266-- REDIR: 0x4941280 (libc.so.6:index) redirected to 0x48311d0 (_vgnU_ifunc_wrapper)
--149266-- REDIR: 0x49417b0 (libc.so.6:strlen) redirected to 0x48311d0 (_vgnU_ifunc_wrapper)
--149266-- REDIR: 0x494ad20 (libc.so.6:memrchr) redirected to 0x48311d0 (_vgnU_ifunc_wrapper)
--149266-- REDIR: 0x49429d0 (libc.so.6:strcasecmp_l) redirected to 0x48311d0 (_vgnU_ifunc_wrapper)
--149266-- REDIR: 0x4942550 (libc.so.6:memchr) redirected to 0x48311d0 (_vgnU_ifunc_wrapper)
--149266-- REDIR: 0x495eab0 (libc.so.6:wcslen) redirected to 0x48311d0 (_vgnU_ifunc_wrapper)
--149266-- REDIR: 0x4941c60 (libc.so.6:strspn) redirected to 0x48311d0 (_vgnU_ifunc_wrapper)
--149266-- REDIR: 0x49428d0 (libc.so.6:stpncpy) redirected to 0x48311d0 (_vgnU_ifunc_wrapper)
--149266-- REDIR: 0x4942870 (libc.so.6:stpcpy) redirected to 0x48311d0 (_vgnU_ifunc_wrapper)
--149266-- REDIR: 0x4943e10 (libc.so.6:strchrnul) redirected to 0x48311d0 (_vgnU_ifunc_wrapper)
--149266-- REDIR: 0x4942a20 (libc.so.6:strncasecmp_l) redirected to 0x48311d0 (_vgnU_ifunc_wrapper)
--149266-- REDIR: 0x4a2a490 (libc.so.6:__strrchr_avx2) redirected to 0x483ea10 (rindex)
--149266-- REDIR: 0x4a2a660 (libc.so.6:__strlen_avx2) redirected to 0x483ef40 (strlen)
--149266-- REDIR: 0x493c260 (libc.so.6:malloc) redirected to 0x483b780 (malloc)
--149266-- REDIR: 0x4a2d650 (libc.so.6:__mempcpy_avx_unaligned_erms) redirected to 0x4843660 (mempcpy)
==149266== Syscall param openat(filename) points to unaddressable byte(s)
==149266==    at 0x49AFEAB: open (open64.c:48)
==149266==    by 0x4932195: _IO_file_open (fileops.c:189)
==149266==    by 0x4932459: _IO_file_fopen@@GLIBC_2.2.5 (fileops.c:281)
==149266==    by 0x4924B0D: __fopen_internal (iofopen.c:75)
==149266==    by 0x4924B0D: fopen@@GLIBC_2.2.5 (iofopen.c:86)
==149266==    by 0x10E1E1: main (main.c:17)
==149266==  Address 0x0 is not stack'd, malloc'd or (recently) free'd
==149266== 
--149266-- REDIR: 0x493c850 (libc.so.6:free) redirected to 0x483c9d0 (free)
--149266-- REDIR: 0x4a2daf0 (libc.so.6:__memset_avx2_unaligned_erms) redirected to 0x48428e0 (memset)
--149266-- REDIR: 0x4a2d670 (libc.so.6:__memcpy_avx_unaligned_erms) redirected to 0x48429f0 (memmove)
--149266-- REDIR: 0x4a2bba0 (libc.so.6:__strcpy_avx2) redirected to 0x483f090 (strcpy)
--149266-- REDIR: 0x4a26c50 (libc.so.6:__memcmp_avx2_movbe) redirected to 0x48421e0 (bcmp)
--149266-- REDIR: 0x4a25b60 (libc.so.6:__strcmp_avx2) redirected to 0x483fed0 (strcmp)
--149266-- REDIR: 0x4a2a2a0 (libc.so.6:__strchrnul_avx2) redirected to 0x4843540 (strchrnul)
==149266== 
==149266== HEAP SUMMARY:
==149266==     in use at exit: 17,448 bytes in 44 blocks
==149266==   total heap usage: 56 allocs, 12 frees, 24,456 bytes allocated
==149266== 
==149266== Searching for pointers to 44 not-freed blocks
==149266== Checked 79,504 bytes
==149266== 
==149266== 8 bytes in 1 blocks are still reachable in loss record 1 of 12
==149266==    at 0x483B7F3: malloc (in /usr/lib/x86_64-linux-gnu/valgrind/vgpreload_memcheck-amd64-linux.so)
==149266==    by 0x10C245: yyalloc (lexer.c:1894)
==149266==    by 0x10BD04: yyensure_buffer_stack (lexer.c:1589)
==149266==    by 0x10A761: yylex (lexer.c:764)
==149266==    by 0x109D34: yyparse (parser.c:1250)
==149266==    by 0x10E210: main (main.c:20)
==149266== 
==149266== 14 bytes in 7 blocks are definitely lost in loss record 2 of 12
==149266==    at 0x483B7F3: malloc (in /usr/lib/x86_64-linux-gnu/valgrind/vgpreload_memcheck-amd64-linux.so)
==149266==    by 0x494150E: strdup (strdup.c:42)
==149266==    by 0x10C50B: handle_token (cppython.lex:128)
==149266==    by 0x10AADB: yylex (cppython.lex:88)
==149266==    by 0x109D34: yyparse (parser.c:1250)
==149266==    by 0x10E210: main (main.c:20)
==149266== 
==149266== 16 bytes in 1 blocks are still reachable in loss record 3 of 12
==149266==    at 0x483B7F3: malloc (in /usr/lib/x86_64-linux-gnu/valgrind/vgpreload_memcheck-amd64-linux.so)
==149266==    by 0x10C82A: add_ast (ast.c:55)
==149266==    by 0x109F17: yyparse (cppython.y:43)
==149266==    by 0x10E210: main (main.c:20)
==149266== 
==149266== 64 bytes in 1 blocks are still reachable in loss record 4 of 12
==149266==    at 0x483B7F3: malloc (in /usr/lib/x86_64-linux-gnu/valgrind/vgpreload_memcheck-amd64-linux.so)
==149266==    by 0x10C245: yyalloc (lexer.c:1894)
==149266==    by 0x10B879: yy_create_buffer (lexer.c:1429)
==149266==    by 0x10A78B: yylex (lexer.c:766)
==149266==    by 0x109D34: yyparse (parser.c:1250)
==149266==    by 0x10E210: main (main.c:20)
==149266== 
==149266== 64 bytes in 2 blocks are still reachable in loss record 5 of 12
==149266==    at 0x483B7F3: malloc (in /usr/lib/x86_64-linux-gnu/valgrind/vgpreload_memcheck-amd64-linux.so)
==149266==    by 0x10C76D: create_bool_expr (ast.c:37)
==149266==    by 0x109FE9: yyparse (cppython.y:60)
==149266==    by 0x10E210: main (main.c:20)
==149266== 
==149266== 96 bytes in 3 blocks are still reachable in loss record 6 of 12
==149266==    at 0x483B7F3: malloc (in /usr/lib/x86_64-linux-gnu/valgrind/vgpreload_memcheck-amd64-linux.so)
==149266==    by 0x10C6B9: create_int_expr (ast.c:21)
==149266==    by 0x10A107: yyparse (cppython.y:73)
==149266==    by 0x10E210: main (main.c:20)
==149266== 
==149266== 96 bytes in 3 blocks are still reachable in loss record 7 of 12
==149266==    at 0x483B7F3: malloc (in /usr/lib/x86_64-linux-gnu/valgrind/vgpreload_memcheck-amd64-linux.so)
==149266==    by 0x10C648: create_bin_expr (ast.c:11)
==149266==    by 0x10A01C: yyparse (cppython.y:63)
==149266==    by 0x10E210: main (main.c:20)
==149266== 
==149266== 96 bytes in 6 blocks are still reachable in loss record 8 of 12
==149266==    at 0x483B7F3: malloc (in /usr/lib/x86_64-linux-gnu/valgrind/vgpreload_memcheck-amd64-linux.so)
==149266==    by 0x10C880: add_ast (ast.c:61)
==149266==    by 0x109F17: yyparse (cppython.y:43)
==149266==    by 0x10E210: main (main.c:20)
==149266== 
==149266== 160 bytes in 5 blocks are still reachable in loss record 9 of 12
==149266==    at 0x483B7F3: malloc (in /usr/lib/x86_64-linux-gnu/valgrind/vgpreload_memcheck-amd64-linux.so)
==149266==    by 0x10C712: create_float_expr (ast.c:29)
==149266==    by 0x10A122: yyparse (cppython.y:74)
==149266==    by 0x10E210: main (main.c:20)
==149266== 
==149266== 224 bytes in 7 blocks are still reachable in loss record 10 of 12
==149266==    at 0x483B7F3: malloc (in /usr/lib/x86_64-linux-gnu/valgrind/vgpreload_memcheck-amd64-linux.so)
==149266==    by 0x10C7A4: create_var_expr (ast.c:44)
==149266==    by 0x109FAF: yyparse (cppython.y:56)
==149266==    by 0x10E210: main (main.c:20)
==149266== 
==149266== 224 bytes in 7 blocks are still reachable in loss record 11 of 12
==149266==    at 0x483B7F3: malloc (in /usr/lib/x86_64-linux-gnu/valgrind/vgpreload_memcheck-amd64-linux.so)
==149266==    by 0x10C648: create_bin_expr (ast.c:11)
==149266==    by 0x109F70: yyparse (cppython.y:51)
==149266==    by 0x10E210: main (main.c:20)
==149266== 
==149266== 16,386 bytes in 1 blocks are still reachable in loss record 12 of 12
==149266==    at 0x483B7F3: malloc (in /usr/lib/x86_64-linux-gnu/valgrind/vgpreload_memcheck-amd64-linux.so)
==149266==    by 0x10C245: yyalloc (lexer.c:1894)
==149266==    by 0x10B8AE: yy_create_buffer (lexer.c:1438)
==149266==    by 0x10A78B: yylex (lexer.c:766)
==149266==    by 0x109D34: yyparse (parser.c:1250)
==149266==    by 0x10E210: main (main.c:20)
==149266== 
==149266== LEAK SUMMARY:
==149266==    definitely lost: 14 bytes in 7 blocks
==149266==    indirectly lost: 0 bytes in 0 blocks
==149266==      possibly lost: 0 bytes in 0 blocks
==149266==    still reachable: 17,434 bytes in 37 blocks
==149266==         suppressed: 0 bytes in 0 blocks
==149266== 
==149266== ERROR SUMMARY: 2 errors from 2 contexts (suppressed: 0 from 0)
==149266== 
==149266== 1 errors in context 1 of 2:
==149266== Syscall param openat(filename) points to unaddressable byte(s)
==149266==    at 0x49AFEAB: open (open64.c:48)
==149266==    by 0x4932195: _IO_file_open (fileops.c:189)
==149266==    by 0x4932459: _IO_file_fopen@@GLIBC_2.2.5 (fileops.c:281)
==149266==    by 0x4924B0D: __fopen_internal (iofopen.c:75)
==149266==    by 0x4924B0D: fopen@@GLIBC_2.2.5 (iofopen.c:86)
==149266==    by 0x10E1E1: main (main.c:17)
==149266==  Address 0x0 is not stack'd, malloc'd or (recently) free'd
==149266== 
==149266== ERROR SUMMARY: 2 errors from 2 contexts (suppressed: 0 from 0)
